<?xml version="1.0" encoding="UTF-8" standalone="no"?>
<!DOCTYPE log SYSTEM "logger.dtd">
<log>
<record>
  <date>2013-05-07T00:07:52</date>
  <millis>1367899672871</millis>
  <sequence>0</sequence>
  <logger>SMS Listserv</logger>
  <level>INFO</level>
  <class>TranSMSServ</class>
  <method>main</method>
  <thread>1</thread>
  <message>SMS Checks scheduled to begin on Tue May 07 00:07:58 EDT 2013</message>
</record>
<record>
  <date>2013-05-07T00:07:58</date>
  <millis>1367899678000</millis>
  <sequence>1</sequence>
  <logger>SMS Listserv</logger>
  <level>INFO</level>
  <class>TranSMSServ</class>
  <method>handleMessages</method>
  <thread>11</thread>
  <message>HandleMessage Called</message>
</record>
