<?xml version="1.0" encoding="UTF-8" standalone="no"?>
<!DOCTYPE log SYSTEM "logger.dtd">
<log>
<record>
  <date>2013-09-14T23:11:45</date>
  <millis>1379225505868</millis>
  <sequence>0</sequence>
  <logger>TransSMS</logger>
  <level>INFO</level>
  <class>TranSMSServ</class>
  <method>main</method>
  <thread>1</thread>
  <message>TranSMSServ server Spinning Up</message>
</record>
<record>
  <date>2013-09-14T23:11:47</date>
  <millis>1379225507204</millis>
  <sequence>1</sequence>
  <logger>TransSMS</logger>
  <level>INFO</level>
  <class>TranSMSServ</class>
  <method>main</method>
  <thread>1</thread>
  <message>SMS Checks scheduled to begin on Sat Sep 14 23:11:58 PDT 2013</message>
</record>
<record>
  <date>2013-09-14T23:11:59</date>
  <millis>1379225519650</millis>
  <sequence>2</sequence>
  <logger>TransSMS</logger>
  <level>INFO</level>
  <class>TranSMSServ</class>
  <method>parseMessagesFromThread</method>
  <thread>13</thread>
  <message>SMS [dateTime=Sat Sep 14 23:11:00 PDT 2013, from={id=;name=Alexandria, VA;number=+17035082486;imageUrl=http://www.google.com/voice/resources/1366864992-blue_ghost.jpg;}, text=I want top surgery]</message>
</record>
<record>
  <date>2013-09-14T23:11:59</date>
  <millis>1379225519653</millis>
  <sequence>3</sequence>
  <logger>TransSMS</logger>
  <level>WARNING</level>
  <class>TranSMSServ</class>
  <method>parseMessagesFromThread</method>
  <thread>13</thread>
  <message>Possible error while parsing I want top surgery Defaulted to INTRO</message>
</record>
<record>
  <date>2013-09-14T23:11:59</date>
  <millis>1379225519655</millis>
  <sequence>4</sequence>
  <logger>TransSMS</logger>
  <level>INFO</level>
  <class>TranSMSServ</class>
  <method>parseMessagesFromThread</method>
  <thread>13</thread>
  <message>SMS [dateTime=Sat Sep 14 23:10:00 PDT 2013, from={id=;name=Alexandria, VA;number=+17035082486;imageUrl=http://www.google.com/voice/resources/1366864992-blue_ghost.jpg;}, text=I am trans and want help]</message>
</record>
<record>
  <date>2013-09-14T23:11:59</date>
  <millis>1379225519657</millis>
  <sequence>5</sequence>
  <logger>TransSMS</logger>
  <level>WARNING</level>
  <class>TranSMSServ</class>
  <method>parseMessagesFromThread</method>
  <thread>13</thread>
  <message>Possible error while parsing I am trans and want help Defaulted to INTRO</message>
</record>
<record>
  <date>2013-09-14T23:11:59</date>
  <millis>1379225519662</millis>
  <sequence>6</sequence>
  <logger>TransSMS</logger>
  <level>INFO</level>
  <class>TranSMSServ</class>
  <method>handleMessages</method>
  <thread>13</thread>
  <message>2 messages recieved from GVOICE</message>
</record>
<record>
  <date>2013-09-14T23:11:59</date>
  <millis>1379225519663</millis>
  <sequence>7</sequence>
  <logger>TransSMS</logger>
  <level>INFO</level>
  <class>TranSMSServ</class>
  <method>commandProcess</method>
  <thread>13</thread>
  <message>Command: INTROwant top surgery</message>
</record>
<record>
  <date>2013-09-14T23:12:01</date>
  <millis>1379225521022</millis>
  <sequence>8</sequence>
  <logger>TransSMS</logger>
  <level>INFO</level>
  <class>TranSMSServ</class>
  <method>commandProcess</method>
  <thread>13</thread>
  <message>Command: INTROam trans and want help</message>
</record>
<record>
  <date>2013-09-14T23:12:02</date>
  <millis>1379225522250</millis>
  <sequence>9</sequence>
  <logger>TransSMS</logger>
  <level>INFO</level>
  <class>TranSMSServ</class>
  <method>SetNewDate</method>
  <thread>13</thread>
  <message>Date set to Sat Sep 14 23:10:58 PDT 2013</message>
</record>
<record>
  <date>2013-09-14T23:12:59</date>
  <millis>1379225579609</millis>
  <sequence>10</sequence>
  <logger>TransSMS</logger>
  <level>SEVERE</level>
  <class>TranSMSServ</class>
  <method>handleMessages</method>
  <thread>13</thread>
  <message>Could not fetch SMS's</message>
</record>
<record>
  <date>2013-09-14T23:54:51</date>
  <millis>1379228091999</millis>
  <sequence>11</sequence>
  <logger>TransSMS</logger>
  <level>SEVERE</level>
  <class>TranSMSServ</class>
  <method>handleMessages</method>
  <thread>13</thread>
  <message>Login Failed</message>
</record>
<record>
  <date>2013-09-14T23:54:52</date>
  <millis>1379228092017</millis>
  <sequence>12</sequence>
  <logger>TransSMS</logger>
  <level>SEVERE</level>
  <class>TranSMSServ</class>
  <method>handleMessages</method>
  <thread>13</thread>
  <message>Login Failed</message>
</record>
<record>
  <date>2013-09-14T23:54:52</date>
  <millis>1379228092033</millis>
  <sequence>13</sequence>
  <logger>TransSMS</logger>
  <level>SEVERE</level>
  <class>TranSMSServ</class>
  <method>handleMessages</method>
  <thread>13</thread>
  <message>Login Failed</message>
</record>
<record>
  <date>2013-09-14T23:54:52</date>
  <millis>1379228092201</millis>
  <sequence>14</sequence>
  <logger>TransSMS</logger>
  <level>SEVERE</level>
  <class>TranSMSServ</class>
  <method>handleMessages</method>
  <thread>13</thread>
  <message>Login Failed</message>
</record>
<record>
  <date>2013-09-14T23:54:52</date>
  <millis>1379228092220</millis>
  <sequence>15</sequence>
  <logger>TransSMS</logger>
  <level>SEVERE</level>
  <class>TranSMSServ</class>
  <method>handleMessages</method>
  <thread>13</thread>
  <message>Login Failed</message>
</record>
<record>
  <date>2013-09-14T23:54:52</date>
  <millis>1379228092244</millis>
  <sequence>16</sequence>
  <logger>TransSMS</logger>
  <level>SEVERE</level>
  <class>TranSMSServ</class>
  <method>handleMessages</method>
  <thread>13</thread>
  <message>Login Failed</message>
</record>
<record>
  <date>2013-09-14T23:54:52</date>
  <millis>1379228092259</millis>
  <sequence>17</sequence>
  <logger>TransSMS</logger>
  <level>SEVERE</level>
  <class>TranSMSServ</class>
  <method>handleMessages</method>
  <thread>13</thread>
  <message>Login Failed</message>
</record>
<record>
  <date>2013-09-14T23:54:52</date>
  <millis>1379228092278</millis>
  <sequence>18</sequence>
  <logger>TransSMS</logger>
  <level>SEVERE</level>
  <class>TranSMSServ</class>
  <method>handleMessages</method>
  <thread>13</thread>
  <message>Login Failed</message>
</record>
<record>
  <date>2013-09-14T23:54:52</date>
  <millis>1379228092314</millis>
  <sequence>19</sequence>
  <logger>TransSMS</logger>
  <level>SEVERE</level>
  <class>TranSMSServ</class>
  <method>handleMessages</method>
  <thread>13</thread>
  <message>Login Failed</message>
</record>
<record>
  <date>2013-09-14T23:54:52</date>
  <millis>1379228092331</millis>
  <sequence>20</sequence>
  <logger>TransSMS</logger>
  <level>SEVERE</level>
  <class>TranSMSServ</class>
  <method>handleMessages</method>
  <thread>13</thread>
  <message>Login Failed</message>
</record>
<record>
  <date>2013-09-14T23:54:52</date>
  <millis>1379228092366</millis>
  <sequence>21</sequence>
  <logger>TransSMS</logger>
  <level>SEVERE</level>
  <class>TranSMSServ</class>
  <method>handleMessages</method>
  <thread>13</thread>
  <message>Login Failed</message>
</record>
<record>
  <date>2013-09-14T23:54:52</date>
  <millis>1379228092384</millis>
  <sequence>22</sequence>
  <logger>TransSMS</logger>
  <level>SEVERE</level>
  <class>TranSMSServ</class>
  <method>handleMessages</method>
  <thread>13</thread>
  <message>Login Failed</message>
</record>
<record>
  <date>2013-09-14T23:54:52</date>
  <millis>1379228092417</millis>
  <sequence>23</sequence>
  <logger>TransSMS</logger>
  <level>SEVERE</level>
  <class>TranSMSServ</class>
  <method>handleMessages</method>
  <thread>13</thread>
  <message>Login Failed</message>
</record>
<record>
  <date>2013-09-14T23:54:52</date>
  <millis>1379228092432</millis>
  <sequence>24</sequence>
  <logger>TransSMS</logger>
  <level>SEVERE</level>
  <class>TranSMSServ</class>
  <method>handleMessages</method>
  <thread>13</thread>
  <message>Login Failed</message>
</record>
<record>
  <date>2013-09-14T23:54:52</date>
  <millis>1379228092454</millis>
  <sequence>25</sequence>
  <logger>TransSMS</logger>
  <level>SEVERE</level>
  <class>TranSMSServ</class>
  <method>handleMessages</method>
  <thread>13</thread>
  <message>Login Failed</message>
</record>
<record>
  <date>2013-09-14T23:54:52</date>
  <millis>1379228092483</millis>
  <sequence>26</sequence>
  <logger>TransSMS</logger>
  <level>SEVERE</level>
  <class>TranSMSServ</class>
  <method>handleMessages</method>
  <thread>13</thread>
  <message>Login Failed</message>
</record>
<record>
  <date>2013-09-14T23:54:52</date>
  <millis>1379228092498</millis>
  <sequence>27</sequence>
  <logger>TransSMS</logger>
  <level>SEVERE</level>
  <class>TranSMSServ</class>
  <method>handleMessages</method>
  <thread>13</thread>
  <message>Login Failed</message>
</record>
<record>
  <date>2013-09-14T23:54:52</date>
  <millis>1379228092518</millis>
  <sequence>28</sequence>
  <logger>TransSMS</logger>
  <level>SEVERE</level>
  <class>TranSMSServ</class>
  <method>handleMessages</method>
  <thread>13</thread>
  <message>Login Failed</message>
</record>
<record>
  <date>2013-09-14T23:54:52</date>
  <millis>1379228092536</millis>
  <sequence>29</sequence>
  <logger>TransSMS</logger>
  <level>SEVERE</level>
  <class>TranSMSServ</class>
  <method>handleMessages</method>
  <thread>13</thread>
  <message>Login Failed</message>
</record>
<record>
  <date>2013-09-14T23:54:52</date>
  <millis>1379228092555</millis>
  <sequence>30</sequence>
  <logger>TransSMS</logger>
  <level>SEVERE</level>
  <class>TranSMSServ</class>
  <method>handleMessages</method>
  <thread>13</thread>
  <message>Login Failed</message>
</record>
<record>
  <date>2013-09-14T23:54:52</date>
  <millis>1379228092570</millis>
  <sequence>31</sequence>
  <logger>TransSMS</logger>
  <level>SEVERE</level>
  <class>TranSMSServ</class>
  <method>handleMessages</method>
  <thread>13</thread>
  <message>Login Failed</message>
</record>
<record>
  <date>2013-09-14T23:54:52</date>
  <millis>1379228092589</millis>
  <sequence>32</sequence>
  <logger>TransSMS</logger>
  <level>SEVERE</level>
  <class>TranSMSServ</class>
  <method>handleMessages</method>
  <thread>13</thread>
  <message>Login Failed</message>
</record>
<record>
  <date>2013-09-14T23:54:52</date>
  <millis>1379228092602</millis>
  <sequence>33</sequence>
  <logger>TransSMS</logger>
  <level>SEVERE</level>
  <class>TranSMSServ</class>
  <method>handleMessages</method>
  <thread>13</thread>
  <message>Login Failed</message>
</record>
<record>
  <date>2013-09-14T23:54:52</date>
  <millis>1379228092617</millis>
  <sequence>34</sequence>
  <logger>TransSMS</logger>
  <level>SEVERE</level>
  <class>TranSMSServ</class>
  <method>handleMessages</method>
  <thread>13</thread>
  <message>Login Failed</message>
</record>
<record>
  <date>2013-09-14T23:54:52</date>
  <millis>1379228092636</millis>
  <sequence>35</sequence>
  <logger>TransSMS</logger>
  <level>SEVERE</level>
  <class>TranSMSServ</class>
  <method>handleMessages</method>
  <thread>13</thread>
  <message>Login Failed</message>
</record>
<record>
  <date>2013-09-14T23:54:52</date>
  <millis>1379228092657</millis>
  <sequence>36</sequence>
  <logger>TransSMS</logger>
  <level>SEVERE</level>
  <class>TranSMSServ</class>
  <method>handleMessages</method>
  <thread>13</thread>
  <message>Login Failed</message>
</record>
<record>
  <date>2013-09-14T23:54:52</date>
  <millis>1379228092671</millis>
  <sequence>37</sequence>
  <logger>TransSMS</logger>
  <level>SEVERE</level>
  <class>TranSMSServ</class>
  <method>handleMessages</method>
  <thread>13</thread>
  <message>Login Failed</message>
</record>
<record>
  <date>2013-09-14T23:54:52</date>
  <millis>1379228092686</millis>
  <sequence>38</sequence>
  <logger>TransSMS</logger>
  <level>SEVERE</level>
  <class>TranSMSServ</class>
  <method>handleMessages</method>
  <thread>13</thread>
  <message>Login Failed</message>
</record>
<record>
  <date>2013-09-14T23:54:52</date>
  <millis>1379228092720</millis>
  <sequence>39</sequence>
  <logger>TransSMS</logger>
  <level>SEVERE</level>
  <class>TranSMSServ</class>
  <method>handleMessages</method>
  <thread>13</thread>
  <message>Login Failed</message>
</record>
<record>
  <date>2013-09-14T23:54:52</date>
  <millis>1379228092734</millis>
  <sequence>40</sequence>
  <logger>TransSMS</logger>
  <level>SEVERE</level>
  <class>TranSMSServ</class>
  <method>handleMessages</method>
  <thread>13</thread>
  <message>Login Failed</message>
</record>
<record>
  <date>2013-09-14T23:54:52</date>
  <millis>1379228092755</millis>
  <sequence>41</sequence>
  <logger>TransSMS</logger>
  <level>SEVERE</level>
  <class>TranSMSServ</class>
  <method>handleMessages</method>
  <thread>13</thread>
  <message>Login Failed</message>
</record>
<record>
  <date>2013-09-14T23:54:52</date>
  <millis>1379228092779</millis>
  <sequence>42</sequence>
  <logger>TransSMS</logger>
  <level>SEVERE</level>
  <class>TranSMSServ</class>
  <method>handleMessages</method>
  <thread>13</thread>
  <message>Login Failed</message>
</record>
<record>
  <date>2013-09-14T23:54:52</date>
  <millis>1379228092815</millis>
  <sequence>43</sequence>
  <logger>TransSMS</logger>
  <level>SEVERE</level>
  <class>TranSMSServ</class>
  <method>handleMessages</method>
  <thread>13</thread>
  <message>Login Failed</message>
</record>
<record>
  <date>2013-09-14T23:54:52</date>
  <millis>1379228092836</millis>
  <sequence>44</sequence>
  <logger>TransSMS</logger>
  <level>SEVERE</level>
  <class>TranSMSServ</class>
  <method>handleMessages</method>
  <thread>13</thread>
  <message>Login Failed</message>
</record>
<record>
  <date>2013-09-14T23:54:52</date>
  <millis>1379228092856</millis>
  <sequence>45</sequence>
  <logger>TransSMS</logger>
  <level>SEVERE</level>
  <class>TranSMSServ</class>
  <method>handleMessages</method>
  <thread>13</thread>
  <message>Login Failed</message>
</record>
<record>
  <date>2013-09-14T23:54:52</date>
  <millis>1379228092870</millis>
  <sequence>46</sequence>
  <logger>TransSMS</logger>
  <level>SEVERE</level>
  <class>TranSMSServ</class>
  <method>handleMessages</method>
  <thread>13</thread>
  <message>Login Failed</message>
</record>
<record>
  <date>2013-09-14T23:54:52</date>
  <millis>1379228092883</millis>
  <sequence>47</sequence>
  <logger>TransSMS</logger>
  <level>SEVERE</level>
  <class>TranSMSServ</class>
  <method>handleMessages</method>
  <thread>13</thread>
  <message>Login Failed</message>
</record>
<record>
  <date>2013-09-14T23:54:52</date>
  <millis>1379228092897</millis>
  <sequence>48</sequence>
  <logger>TransSMS</logger>
  <level>SEVERE</level>
  <class>TranSMSServ</class>
  <method>handleMessages</method>
  <thread>13</thread>
  <message>Login Failed</message>
</record>
<record>
  <date>2013-09-14T23:54:52</date>
  <millis>1379228092911</millis>
  <sequence>49</sequence>
  <logger>TransSMS</logger>
  <level>SEVERE</level>
  <class>TranSMSServ</class>
  <method>handleMessages</method>
  <thread>13</thread>
  <message>Login Failed</message>
</record>
<record>
  <date>2013-09-14T23:54:53</date>
  <millis>1379228093015</millis>
  <sequence>50</sequence>
  <logger>TransSMS</logger>
  <level>SEVERE</level>
  <class>TranSMSServ</class>
  <method>handleMessages</method>
  <thread>13</thread>
  <message>Login Failed</message>
</record>
<record>
  <date>2013-09-14T23:54:53</date>
  <millis>1379228093028</millis>
  <sequence>51</sequence>
  <logger>TransSMS</logger>
  <level>SEVERE</level>
  <class>TranSMSServ</class>
  <method>handleMessages</method>
  <thread>13</thread>
  <message>Login Failed</message>
</record>
<record>
  <date>2013-09-14T23:54:58</date>
  <millis>1379228098016</millis>
  <sequence>52</sequence>
  <logger>TransSMS</logger>
  <level>SEVERE</level>
  <class>TranSMSServ</class>
  <method>handleMessages</method>
  <thread>13</thread>
  <message>Login Failed</message>
</record>
